[2015-04-27 10:15:53]	finish making dc_train.dat
[2015-04-27 10:15:53]	finish free memory
[2015-04-27 10:15:53]	clear training set
[2015-04-27 10:15:53]	save classes successed미
[2015-04-27 10:15:58]	load all data success
[2015-04-27 10:16:19]	finish making dc_train.dat
[2015-04-27 10:16:19]	finish free memory
[2015-04-27 10:16:19]	clear training set
[2015-04-27 10:16:19]	save classes successed미
[2015-04-27 10:17:11]	finish making dc_train.dat
[2015-04-27 10:17:11]	finish free memory
[2015-04-27 10:17:11]	clear training set
[2015-04-27 10:17:11]	save classes successed미
[2015-04-27 10:17:37]	finish making dc_train.dat
[2015-04-27 10:17:37]	finish free memory
[2015-04-27 10:17:37]	clear training set
[2015-04-27 10:17:37]	save classes successed미
[2015-04-27 10:18:43]	finish making dc_train.dat
[2015-04-27 10:18:43]	finish free memory
[2015-04-27 10:18:43]	clear training set
[2015-04-27 10:18:43]	save classes successed미
[2015-04-27 10:18:51]	load all data success
