
潘  网民  解构  阿Q  网络亚文化  贴吧  群体自嘲  身份卑微  
钟南山  肺癌患病率  深圳新闻网  政府工作  油品质量  呼吸疾病  
中国特色社会主义  社会主义初级阶段  科学发展观  生态文明  社会公平正义  居民收入  中华民族伟大复兴  主体功能区  国土空间开发  收入分配差距  城乡发展一体化  小康社会  改善民生  社会主义文化强国  事业单位  城镇化  培养选拔  理想信念  引领  社会主义市场经济体制  社会生产力  交流合作  全体人民  重要战略机遇  取得重大进展  生态系统  稳步推进  防控  加快转变  国际金融危机  军事斗争准备  地区扶持力度  社会主义先进文化  农业综合生产能力  食品药品安全  宏观调控体系  人民共同愿望  创新型国家  司法公信  基本养老保险  全体中华儿女  战略性新兴产业  海外合法权益  全体人民共同  党风廉政建设  面前人人平等  文化软实力  保证人民当家作主  社会救助体系  全民医保  政社分开  创新驱动发展  建设成效  人事制度改革  代表比例  面向未来  实体经济  科学化水平  基层党建  均等化  全面建成小康社会  城市社区  粮食安全  整体实力  年轻干部  政府主导  严重曲折  耕地保护  祖国内地  科学回答  充满活力  国内外形势  人民积极性  安全威胁  党代会代表  物质文化  监管体制  国际影响力  自觉遵守  劳动报酬  现代服务业  城乡社区  命运共同体  扎实推进  幸福安康  核心价值观  初次分配  国民收入分配  人民福祉  平等互信  毫不动摇坚持  项基本  重要战略机遇期  转变经济发展方式  加快转变经济发展方式  社会主义核心价值体系  建设取得重大进展  实现中华民族伟大复兴  军民融合式发展  基本公共服务均等化  改革开放  维护社会公平正义  
潘  网民  解构  阿Q  网络亚文化  贴吧  群体自嘲  身份卑微  
潘  网民  解构  潘课幕  阿Q  网络亚文化  群体自嘲  身份卑微  富帅  
潘#网民#解构#潘课幕#阿Q#网络亚文化#群体自嘲#身份卑微#富帅#






惠民殡葬政策#经营性公墓#城镇公益性公墓#基本殡葬服务#殡葬服务#公益性公墓建设#惠民殡葬#公益性公墓#城市公墓#殡葬服务市场#地区惠民殡葬#基本公共服务#殡葬暴利#服务市场#公共服务#公益性墓#发展水平#保障制度#殡葬事业#资金投入#民政部门依法#存在暴利#服务保障#县级财政#公墓价格#安葬服务#殡仪服务#购买墓地#减免补贴#丧葬用品#殡葬用品#骨灰寄存#城镇公益性公墓建设#
惠民殡葬政策#经营性公墓#城镇公益性公墓#基本殡葬服务#殡葬服务#公益性公墓建设#惠民殡葬#公益性公墓#城市公墓#殡葬服务市场#地区惠民殡葬#基本公共服务#殡葬暴利#服务市场#公共服务#公益性墓#发展水平#保障制度#殡葬事业#资金投入#民政部门依法#存在暴利#服务保障#县级财政#公墓价格#安葬服务#殡仪服务#购买墓地#减免补贴#丧葬用品#殡葬用品#骨灰寄存#城镇公益性公墓建设#


潘#网民#解构#潘课幕#阿Q#网络亚文化#群体自嘲#身份卑微#
惠民殡葬政策#经营性公墓#城镇公益性公墓#基本殡葬服务#殡葬服务#公益性公墓建设#惠民殡葬#公益性公墓#城市公墓#殡葬服务市场#地区惠民殡葬#基本公共服务#殡葬暴利#服务市场#公共服务#公益性墓#发展水平#保障制度#殡葬事业#资金投入#民政部门依法#存在暴利#服务保障#县级财政#公墓价格#安葬服务#殡仪服务#购买墓地#减免补贴#丧葬用品#殡葬用品#骨灰寄存#城镇公益性公墓建设#
潘#网民#解构#潘课幕#阿Q#网络亚文化#群体自嘲#身份卑微#
惠民殡葬政策#经营性公墓#城镇公益性公墓#基本殡葬服务#殡葬服务#公益性公墓建设#惠民殡葬#公益性公墓#城市公墓#殡葬服务市场#地区惠民殡葬#基本公共服务#殡葬暴利#服务市场#公共服务#公益性墓#发展水平#保障制度#殡葬事业#资金投入#民政部门依法#存在暴利#服务保障#县级财政#公墓价格#安葬服务#殡仪服务#购买墓地#减免补贴#丧葬用品#殡葬用品#骨灰寄存#城镇公益性公墓建设#
潘#网民#解构#潘课幕#阿Q#网络亚文化#群体自嘲#身份卑微#
惠民殡葬政策#经营性公墓#城镇公益性公墓#基本殡葬服务#殡葬服务#公益性公墓建设#惠民殡葬#公益性公墓#城市公墓#殡葬服务市场#地区惠民殡葬#基本公共服务#殡葬暴利#服务市场#公共服务#公益性墓#发展水平#保障制度#殡葬事业#资金投入#民政部门依法#存在暴利#服务保障#县级财政#公墓价格#安葬服务#殡仪服务#购买墓地#减免补贴#丧葬用品#殡葬用品#骨灰寄存#城镇公益性公墓建设#
惠民殡葬政策#经营性公墓#城镇公益性公墓#基本殡葬服务#殡葬服务#公益性公墓建设#惠民殡葬#公益性公墓#城市公墓#殡葬服务市场#地区惠民殡葬#基本公共服务#殡葬暴利#服务市场#公共服务#公益性墓#发展水平#保障制度#殡葬事业#资金投入#民政部门依法#存在暴利#服务保障#县级财政#公墓价格#安葬服务#殡仪服务#购买墓地#减免补贴#丧葬用品#殡葬用品#骨灰寄存#城镇公益性公墓建设#
惠民殡葬政策#经营性公墓#城镇公益性公墓#基本殡葬服务#殡葬服务#公益性公墓建设#惠民殡葬#公益性公墓#城市公墓#殡葬服务市场#地区惠民殡葬#基本公共服务#殡葬暴利#服务市场#公共服务#公益性墓#发展水平#保障制度#殡葬事业#资金投入#民政部门依法#存在暴利#服务保障#县级财政#公墓价格#安葬服务#殡仪服务#购买墓地#减免补贴#丧葬用品#殡葬用品#骨灰寄存#城镇公益性公墓建设#
惠民殡葬政策#经营性公墓#城镇公益性公墓#基本殡葬服务#殡葬服务#公益性公墓建设#惠民殡葬#公益性公墓#城市公墓#殡葬服务市场#地区惠民殡葬#基本公共服务#殡葬暴利#服务市场#公共服务#公益性墓#发展水平#保障制度#殡葬事业#资金投入#民政部门依法#存在暴利#服务保障#县级财政#公墓价格#安葬服务#殡仪服务#购买墓地#减免补贴#丧葬用品#殡葬用品#骨灰寄存#城镇公益性公墓建设#
潘#网民#解构#潘课幕#阿Q#网络亚文化#群体自嘲#身份卑微#
潘#网民#解构#潘课幕#阿Q#网络亚文化#群体自嘲#身份卑微#
炼钢作业部#润滑脂#扇形段#润滑脂国产化#作业部#扇形段区域#一炼钢#石化企业#二炼钢#试用效果#试用国产#
潘可矸#
潘可矸#







潘可矸#
war_crimes#rights_groups#Islamist_leaders#Pakistani_army#death_penalty#
加熔渣剂#无氟炼钢#熔渣剂#技术人员#无氟造渣剂#渣剂#无氟炼钢技术#炼钢技术#留渣#化渣剂#化渣#熔渣#渣速度#工艺路线#渣效果#常规工艺#氟离子#造渣#优化无氟炼钢技术#



新闻中心#提出申请#会议新闻中心网页#
坦克两#
脑梗死#肿物#肠鸣音正常#吻合口#鼻唇沟#食物过敏史#乳酸脱氢酶#肌力#凝血功能#静滴#胆总管#肌钙蛋白i#离断#补液#预防接种史#肌酸激酶#引流管#单核细胞#冠脉造影#钩突#腹壁#全身浅表淋巴结#系膜#手术外伤史#当地医院#积液#生命体征#肌张力正常#抗感染#对光反射灵敏#腹壁静脉#断端#活检#头颅cT#肠梗阻导管#移动性浊音#静注#胸腔积液#床旁#皮肤粘膜#疾病史#输血史#胸廓#粥样硬化#触诊#现病史#腔隙性#中性粒细胞百分比#专家门诊#心包摩擦感#胸膜摩擦感#白蛋白#结肠癌#预约挂号#接触史#营养支持#传染病史#科会诊#查心电图示#我院急诊#生命体征平稳#血红蛋白#伸舌居中#家族史#定期复查#右上肢#无法查#血气分析#金属支架#吸烟史#辅助检查#电解质平衡#空肠系膜#胰腺实质#出院医嘱#肢体乏力#吸氧#球囊#剖腹探查#血压控制#及时就诊#前列腺癌#肝门#肠镜#逐层#平扫#一般情况#额叶#内科门诊#体格检查#黄染#主诉#进行性#肝脾#留置#呼吸衰竭#霉素#钙化灶#氏征#专科情况#拉唑#纠正贫血#肠系膜根部#侧脑室#抽吸#心尖搏动#惊跳#气促#胃纳#pCI 术#输注#手足口#网络预约#肌萎缩#悬浮红细胞#饮酒史#生理盐水#主动脉瓣#带状疱疹#视诊#消化道出血#予拜#亚急性#胸背部#胸膜摩擦音#保肝#泌尿#定向力#遗传性疾病#安返#个人史#收治入院#完善相关#否认疫区#胸闷#相关检查#注意事项#取石#血清蛋白#检查合作#光反应#枕叶#锁骨中线#白细胞计数#淋巴细胞百分比#肌钙蛋白i定量#根治术#明显变化#陈旧性#医师签名#纤维蛋白#呼吸机#诱因出现#神清#左主干#收入院#结果回报#体尾部#皮肤巩膜#否认肝炎#肾功#急查血#肿瘤指标#完整切除#穿刺定位#排黄色#骤停#动脉分支#伴言语#鼻饲#小肠肠#大小便正常#v 级#关节红肿#咳痰#颅神经#血液科#骨导#中度贫血#婚育史#麻醉满意#热灌注#红色皮疹#拜阿司匹林#呛咳#灌注化疗#弱阳性#右侧大脑#冰冻病理#口腔黏膜#指鼻#质硬#胆囊结石#神志清楚#界正常#进入腹腔#完成胰#血小板减少#冲击治疗#持物#中午出现#规律服药#牵拉#异常信号#穿刺部位#缝合加固#铁蛋白#雾化#醒脑#弯侧#肺野#腹部彩#渗血#下方切断#自助预约#超声心动#浆膜腔#以远胰#升结肠癌#导联#遗传病史#下颌反射#复视#溢液#角膜反射#谷草转氨酶#热峰#乳突#团状#消化科#左房#胰腺薄#健择#患者起床#电解质紊乱#凝胶#肠球菌#老年脑#红细胞计数#神经系统查体#计算力#反射存在#呼吸节律#式呼吸#索灶#纤颤#皮肤黏膜#斑片状#肠癌根治#血小板计数#心脏按压#语颤#门诊调整#直接胆红素#移动性浊音阴性#肾功能#免疫球蛋白#
