纸黄金#黄金价格#实物黄金#世界经济形势#风险承受能力#上海黄金交易所#轮量化宽松#上海黄金#美元汇率#菜百#购买黄金#黄金理财产品#未来金价走势#中国黄金#金价走势#黄金交易所#投资者需要#投资方式#国内黄金#投资渠道#持续上涨#交易成本#网上银行#炒金#国际金价#理财产品#量化宽松货币政策#
纸黄金#黄金价格#实物黄金#世界经济形势#风险承受能力#上海黄金交易所#轮量化宽松#上海黄金#美元汇率#菜百#购买黄金#黄金理财产品#未来金价走势#中国黄金#金价走势#黄金交易所#投资者需要#投资方式#国内黄金#投资渠道#持续上涨#交易成本#网上银行#炒金#国际金价#理财产品#量化宽松货币政策#
纸黄金#黄金价格#实物黄金#世界经济形势#风险承受能力#上海黄金交易所#轮量化宽松#上海黄金#美元汇率#菜百#购买黄金#黄金理财产品#未来金价走势#中国黄金#金价走势#黄金交易所#投资者需要#投资方式#国内黄金#投资渠道#持续上涨#交易成本#网上银行#炒金#国际金价#理财产品#量化宽松货币政策#
纸黄金#黄金价格#实物黄金#世界经济形势#风险承受能力#上海黄金交易所#轮量化宽松#上海黄金#美元汇率#菜百#购买黄金#黄金理财产品#未来金价走势#中国黄金#金价走势#黄金交易所#投资者需要#投资方式#国内黄金#投资渠道#持续上涨#交易成本#网上银行#炒金#国际金价#理财产品#量化宽松货币政策#
纸黄金#黄金价格#实物黄金#世界经济形势#风险承受能力#上海黄金交易所#轮量化宽松#上海黄金#美元汇率#菜百#购买黄金#黄金理财产品#未来金价走势#中国黄金#金价走势#黄金交易所#投资者需要#投资方式#国内黄金#投资渠道#持续上涨#交易成本#网上银行#炒金#国际金价#理财产品#量化宽松货币政策#
纸黄金#黄金价格#实物黄金#世界经济形势#风险承受能力#上海黄金交易所#轮量化宽松#上海黄金#美元汇率#菜百#购买黄金#黄金理财产品#未来金价走势#中国黄金#金价走势#黄金交易所#投资者需要#投资方式#国内黄金#投资渠道#持续上涨#交易成本#网上银行#炒金#国际金价#理财产品#量化宽松货币政策#
独立公投#野岛刚#黑颈天鹅#邮储银行#夏虫#
独立公投#野岛刚#黑颈天鹅#邮储银行#夏虫#
独立公投#野岛刚#黑颈天鹅#邮储银行#夏虫#
停尸房#游艇码头#代言#失联客机#微博#
停尸房#游艇码头#代言#失联客机#微博#
失联客机#邦堆乡#房价控制目标#微博#医保基金#
全面深化改革#联合国教科文组织#餐厨垃圾#述责述廉#教育实践活动#
教育实践活动#林业生态建设#征迁工作#产业集聚区#南水北调配套工程#
三严三实#美好乡村建设#教育实践活动#城镇化#机关效能建设#
国内公务接待#财付通#教育实践活动#公投结果#私募基金#
二维码#基层党组织书记#手机银行#团购#搜救#
乡村旅游#龙矿集团#失联客机#农业转移人口#供电公司#
教育实践活动#安全工器具#金融租赁公司#基层党组织书记#失联客机#
基层民主协商#新型农业经营#挂职干部#教育实践活动#职务犯罪#
农村公路建设#基础设施建设#非公企业#美丽乡村#教育实践活动#
马牙古拜#羊山湿地#失联客机#城镇化#基本公共服务#
哈创投集团#城镇化#基本公共服务#农业转移人口#失联客机#
城镇化#新型城镇化#中国光彩事业#教育实践活动#古村落#
有限责任公司#服务区#行政审批事项#社工#城镇化#
全面深化改革#全面建成小康#骨伤二科#汽车板#政府工作报告#
挑山女人#打车软件#院士专家工作站#搜救#教育实践活动#
全面深化改革#安全生产#吉林农信#隐患排查治理#产业集群#
医患纠纷#教育实践活动#自主招生考试#医调中心#家庭农场#
教育实践活动#蒙古史研究#托幼机构#搜救#失联客机#
失联客机#豪宅价格#搜救#新浪微博#城镇化#

食药监局#川茶集团#餐厨垃圾#教育实践活动#基层党组织书记#
重点示范镇#教育实践活动#基层党组织书记#留守儿童#全民公投#
全面深化改革#教育实践活动#购买公共服务#公投#购房者#
社会主义核心价值观#银行股份有限公司#弃婴岛#创新券#政务微博#
城镇化#新疆总部基地#基本公共服务#农业转移人口#新疆电力公司#
人民代表大会制度#中国特色社会主义#全面深化改革#城镇化#传染病防治工作#
搜救#虫洞#失联客机#河道保洁#行政审批事项#
学位授予单位#研究生教育质量#民营院团#社工#基层党组织书记#
教育实践活动#基层党组织书记#搜救#核安全峰会#习主席#
峨眉雪芽#公投#全民公投#普林节#搜救#
农业转移人口#峨眉雪芽#土地承包经营权#生态文明建设#基层党组织书记#
消保委#祭海仪式#校长职级制#家庭农场#祭海节#
铂雅苑#雅居乐#冰鲜鸡#品信金融#奥鑫公司#
金融租赁公司#指数样本股#创业板指数#搜救#城镇化#
霞飞坊#尼康公司#脐带血#官方微博#许广平母子#
天津柔道队#捷豹汽车#失联客机#豹骨#王女士#
团购#奖池#滑滑梯#商务座#公投#
牛股#喜剧节目#互联网金融#王先生#武金堤#
狗头帽#玩具枪#国土局#同步课堂#滴血#
捷诚宝#教育实践活动#郑州航空港区#智能电表#中国电影#
教育实践活动#一加一#第三方支付#年份酒#婴儿安全岛#
公转商贷款#福州商贸大厦#微博#郑老师#食药监局#
闫妮#面膜#护肤#保湿#微博#
根亲文化#仰韶酒业#香堤湾温泉#重点开发区域#仰韶酒#
垃圾皮料#尼康公司#季女士#防撞锥#投注#
铂雅苑#世俱杯#绕城高速#核医学#婚检#
搜救#餐厨垃圾#非法行医罪#社区基金会#房地产信息联网#
酒仙网#加多宝#润喉糖#三公#公投结果#
西善桥街道#亲子票#宿管员#理财产品#冶山镇#
第三方支付#扫码支付#婴儿安全岛#养犬管理费#公投#
瓜菜基地#停尸房#羊山地区#羊山湿地#失联客机#
回南天#失联客机#户型方正#止损#拎包入住#
门禁卡#金融租赁公司#住房信息联网#人民币兑美元#公投#
铝塑板#重庆宜化#甲公司#城镇化#农业转移人口#
假声男高音#结肠癌患者#尼康#尼康D600#影帝#
青岛施耐德#样衣工#农家乐#死鱼#急售#
亲子套票#湘鄂情#喜剧类节目#两融业务#绕城公路#
第三方支付#众安保险#货币市场基金#世俱杯#私募基金#
曲胜整形#第三方支付#失联客机#家庭农场#公投#
失联客机#城镇化#医保基金#医保资金#4S店#
医保#采砂场#搜救#儿童激光枪#失联#
失联客机#昆玉高速#微博#尼康#王奶奶#
吴莫愁#芯片银行卡#搜救#改剧本#洪崖洞#
浦项制铁#世俱杯#失联客机#教育实践活动#职业教育#
国学经典#医疗救助#苗语#黄女士#集贤巷#
天津柔道队#团购#失联客机#奥巴马#泰达队#
礼仪微课程#网络文学创作#宁波文化广场#网络作家协会#姚丰地段#
复地上城#铁皮石斛#未来科技城#灵芝孢子粉#推筒蛋糕#
幼儿园喂药#金融租赁公司#基层党组织书记#参保单位#弃婴岛#
滴血验亲#混合所有制经济#中国电影#亲子鉴定#微博#
结肠癌患者#上海梅花节#马文革#公投#代拍#
婴儿安全岛#大学城#差别化停车收费#暂停试点#益行家项目#
申办世俱杯#世俱杯#竖扶杆#绕城公路#王老板#
失联客机#教育实践活动#客服人员#药品零售连锁#搜救#
桥西酒藏储#搜救#失联#失联客机#行政审批事项#
制氧机#辽韵春鉴#华夏银行大连分行#搜救#手机银行#
上海大众#资金净流入#服务贸易#马航失联#东北豹#
金融租赁公司#打车软件#搜救#私募#观音桥#
久坐者#歪头#汉文化景区#许女士#充电宝#
辽宁省博物馆#
物联网#灵芝孢子油#行政服务中心#毒豆芽#住房公积金贷款#
益脑宁#绵阳市人民医院#网店#岛城#海昌控股#
全民公投#公投#医院太平间#搜救#朝阳西院#
蜀王府#成都市规划局#便利店#搜救#激光笔#
徐东支行#律师事务所律师#黑颈天鹅#晨报理财圈#航空意外险#
行政审批事项#风尚大典#住房信息联网#公投结果#器身#
酒仙网#澳乳公司#私募基金#七喜控股#私人银行业务#
金融租赁公司#北京商报记者#节能减排#4S店#餐饮企业#
紫鑫药业#互联网金融#波音公司#溢缴款#民间借贷#
电子发票#私募基金#电子商务产业#超敏感产品#工业园区#
搜救#互联网金融#公投#人民币兑美元#征求意见稿#
临时疏导点#基因测序#第三方软件#刷榜#人民币兑美元#
私募基金#壹加壹#中央厨房#私募#全民公投#
失联客机#邦堆乡#房价控制目标#微博#医保基金#
全面深化改革#联合国教科文组织#餐厨垃圾#述责述廉#教育实践活动#
教育实践活动#林业生态建设#征迁工作#产业集聚区#南水北调配套工程#
三严三实#美好乡村建设#教育实践活动#城镇化#机关效能建设#
国内公务接待#财付通#教育实践活动#公投结果#私募基金#
二维码#基层党组织书记#手机银行#团购#搜救#
乡村旅游#龙矿集团#失联客机#农业转移人口#供电公司#
教育实践活动#安全工器具#金融租赁公司#基层党组织书记#失联客机#
基层民主协商#新型农业经营#挂职干部#教育实践活动#职务犯罪#
农村公路建设#基础设施建设#非公企业#美丽乡村#教育实践活动#
马牙古拜#羊山湿地#失联客机#城镇化#基本公共服务#
哈创投集团#城镇化#基本公共服务#农业转移人口#失联客机#
城镇化#新型城镇化#中国光彩事业#教育实践活动#古村落#
有限责任公司#服务区#行政审批事项#社工#城镇化#
全面深化改革#全面建成小康#骨伤二科#汽车板#政府工作报告#
挑山女人#打车软件#院士专家工作站#搜救#教育实践活动#
全面深化改革#安全生产#吉林农信#隐患排查治理#产业集群#
医患纠纷#教育实践活动#自主招生考试#医调中心#家庭农场#
教育实践活动#蒙古史研究#托幼机构#搜救#失联客机#
失联客机#豪宅价格#搜救#新浪微博#城镇化#

食药监局#川茶集团#餐厨垃圾#教育实践活动#基层党组织书记#
重点示范镇#教育实践活动#基层党组织书记#留守儿童#全民公投#
全面深化改革#教育实践活动#购买公共服务#公投#购房者#
社会主义核心价值观#银行股份有限公司#弃婴岛#创新券#政务微博#
城镇化#新疆总部基地#基本公共服务#农业转移人口#新疆电力公司#
人民代表大会制度#中国特色社会主义#全面深化改革#城镇化#传染病防治工作#
搜救#虫洞#失联客机#河道保洁#行政审批事项#
学位授予单位#研究生教育质量#民营院团#社工#基层党组织书记#
教育实践活动#基层党组织书记#搜救#核安全峰会#习主席#
峨眉雪芽#公投#全民公投#普林节#搜救#
农业转移人口#峨眉雪芽#土地承包经营权#生态文明建设#基层党组织书记#
消保委#祭海仪式#校长职级制#家庭农场#祭海节#
铂雅苑#雅居乐#冰鲜鸡#品信金融#奥鑫公司#
金融租赁公司#指数样本股#创业板指数#搜救#城镇化#
霞飞坊#尼康公司#脐带血#官方微博#许广平母子#
天津柔道队#捷豹汽车#失联客机#豹骨#王女士#
团购#奖池#滑滑梯#商务座#公投#
牛股#喜剧节目#互联网金融#王先生#武金堤#
狗头帽#玩具枪#国土局#同步课堂#滴血#
捷诚宝#教育实践活动#郑州航空港区#智能电表#中国电影#
教育实践活动#一加一#第三方支付#年份酒#婴儿安全岛#
公转商贷款#福州商贸大厦#微博#郑老师#食药监局#
闫妮#面膜#护肤#保湿#微博#
根亲文化#仰韶酒业#香堤湾温泉#重点开发区域#仰韶酒#
垃圾皮料#尼康公司#季女士#防撞锥#投注#
新疆西拓#募集资金专户#漳州塔牌#重大资产重组#余热发电项目#
教育实践活动#失联客机#应急疏散演练#公投#职务犯罪#
铂雅苑#世俱杯#绕城高速#核医学#婚检#
东集协会#住房信息联网#点赞#搜救#拆迁补偿款#
搜救#餐厨垃圾#非法行医罪#社区基金会#房地产信息联网#
公示催告#教育实践活动#全省检察机关#党风廉政建设#装修公司#
大气污染防治#二维码支付#行政审批事项#公投#婴儿安全岛#
酒仙网#加多宝#润喉糖#三公#公投结果#
加多宝#住房信息联网#凉茶#闲散青少年#国产品牌#
西善桥街道#亲子票#宿管员#理财产品#冶山镇#
第三方支付#扫码支付#婴儿安全岛#养犬管理费#公投#
瓜菜基地#停尸房#羊山地区#羊山湿地#失联客机#
回南天#失联客机#户型方正#止损#拎包入住#
门禁卡#金融租赁公司#住房信息联网#人民币兑美元#公投#
铝塑板#重庆宜化#甲公司#城镇化#农业转移人口#
假声男高音#结肠癌患者#尼康#尼康D600#影帝#
йɫ#֯#ҵλ#ִ#ת֧#ƾ#Уҵ#ȻԴʲ#г#˰Ż#Уҵҵ#̬ƶ#һת֧##ƶ#̬#ṹ#׷ƶ#ϱƶ###ϼί#֧#׷#˲#г#ƶ½#Ȩ֧##ṹ#ϸ#ܷ##˰Ż#λ##ս#ռ俪##仧#淶#ƶ#ռ#ƽ#̬##й#ȹ#ĻƷ##ҵص##ͥӪ#ȫ#߱##߲#ӿת##Ľ#Ȼ¢#Ԥ#ƽ#ֱͶ##ͶӪ#òƲȨ##Ͷ#Ԥ##ԺУ##ҽ##Эͬ#ſ#Ԥ#Ч#ũ#˳#Ȼ#쵼ɲ#
йɫ#֯#ҵλ#ִ#ת֧#ƾ#Уҵ#ȻԴʲ#г#˰Ż#Уҵҵ#̬ƶ#һת֧##ƶ#̬#ṹ#׷ƶ#ϱƶ###ϼί#֧#׷#˲#г#ƶ½#Ȩ֧##ṹ#ϸ#ܷ##˰Ż#λ##ս#ռ俪##仧#淶#ƶ#ռ#ƽ#̬##й#ȹ#ĻƷ##ҵص##ͥӪ#ȫ#߱##߲#ӿת##Ľ#Ȼ¢#Ԥ#ƽ#ֱͶ##ͶӪ#òƲȨ##Ͷ#Ԥ##ԺУ##ҽ##Эͬ#ſ#Ԥ#Ч#ũ#˳#Ȼ#쵼ɲ#
йɫ#֯#ҵλ#ִ#ת֧#ƾ#Уҵ#ȻԴʲ#г#˰Ż#Уҵҵ#̬ƶ#һת֧##ƶ#̬#ṹ#׷ƶ#ϱƶ###ϼί#֧#׷#˲#г#ƶ½#Ȩ֧##ṹ#ϸ#ܷ##˰Ż#λ##ս#ռ俪##仧#淶#ƶ#ռ#ƽ#̬##й#ȹ#ĻƷ##ҵص##ͥӪ#ȫ#߱##߲#ӿת##Ľ#Ȼ¢#Ԥ#ƽ#ֱͶ##ͶӪ#òƲȨ##Ͷ#Ԥ##ԺУ##ҽ##Эͬ#ſ#Ԥ#Ч#ũ#˳#Ȼ#쵼ɲ#
йɫ#֯#ҵλ#ִ#ת֧#ƾ#Уҵ#ȻԴʲ#г#˰Ż#Уҵҵ#̬ƶ#һת֧##ƶ#̬#ṹ#׷ƶ#ϱƶ###ϼί#֧#׷#˲#г#ƶ½#Ȩ֧##ṹ#ϸ#ܷ##˰Ż#λ##ս#ռ俪##仧#淶#ƶ#ռ#ƽ#̬##й#ȹ#ĻƷ##ҵص##ͥӪ#ȫ#߱##߲#ӿת##Ľ#Ȼ¢#Ԥ#ƽ#ֱͶ##ͶӪ#òƲȨ##Ͷ#Ԥ##ԺУ##ҽ##Эͬ#ſ#Ԥ#Ч#ũ#˳#Ȼ#쵼ɲ#
#Դ#
