[2014-08-18 20:41:44]	CLicense::IsValid started!
[2014-08-18 20:41:44]	m_data.licence_type==LT_TRIAL started!
[2014-08-18 20:41:44]	IsDateEffective started!
[2014-08-18 20:41:44]	IsDateEffective true!
[2014-08-18 20:42:42]	CLicense::IsValid started!
[2014-08-18 20:42:42]	m_data.licence_type==LT_TRIAL started!
[2014-08-18 20:42:42]	IsDateEffective started!
[2014-08-18 20:42:42]	IsDateEffective true!
[2014-08-18 20:45:16]	CLicense::IsValid started!
[2014-08-18 20:45:16]	m_data.licence_type==LT_TRIAL started!
[2014-08-18 20:45:16]	IsDateEffective started!
[2014-08-18 20:45:16]	IsDateEffective true!
[2014-08-18 20:45:16]	NLPIR_Init success!
[2014-08-18 20:46:18]	start GetActiveInstance and g_pLicense=11236256,g_pCoreDict=64417856
[2014-08-18 20:46:18]	CLicense::IsValid started!
[2014-08-18 20:46:18]	m_data.licence_type==LT_TRIAL started!
[2014-08-18 20:46:18]	IsDateEffective started!
[2014-08-18 20:46:18]	IsDateEffective true!
[2014-08-18 20:46:18]	IsDateEffective true!Original input=解放军
 result=解放军 
[2014-08-18 20:51:20]	start GetActiveInstance and g_pLicense=11236256,g_pCoreDict=64417856
[2014-08-18 20:51:20]	start GetActiveInstance and g_pLicense=11236256,g_pCoreDict=64417856Original input=解放军
 result=解放军 
